<!--

    Copyright 2022-2023 Rudy De Busscher (https://www.atbash.be)

    Licensed under the Apache License, Version 2.0 (the "License");
    you may not use this file except in compliance with the License.
    You may obtain a copy of the License at

        http://www.apache.org/licenses/LICENSE-2.0

    Unless required by applicable law or agreed to in writing, software
    distributed under the License is distributed on an "AS IS" BASIS,
    WITHOUT WARRANTIES OR CONDITIONS OF ANY KIND, either express or implied.
    See the License for the specific language governing permissions and
    limitations under the License.

-->
<datasources xmlns="http://www.jboss.org/ironjacamar/schema">
    <datasource jndi-name="${jndi_name}" pool-name="DataPool">
        <connection-url>${ds_url}</connection-url>
        <driver>${driver_jar}</driver>
        <pool>
            <max-pool-size>4</max-pool-size>
        </pool>
        <security>
            <user-name>${ds_username}</user-name>
            <password>${ds_password}</password>
        </security>
    </datasource>
</datasources>